2012.02.03 16:30 B C:\wamp\www\TPT\master_data\Classes\PHPExcel\Shared\PDF\fonts\utils\enc\cp1250.map --> tptdesign.com /master_data/Classes/PHPExcel/Shared/PDF/fonts/utils/enc cp1250.map
2012.02.03 16:30 B C:\wamp\www\TPT\master_data\Classes\PHPExcel\Shared\PDF\fonts\utils\enc\cp1251.map --> tptdesign.com /master_data/Classes/PHPExcel/Shared/PDF/fonts/utils/enc cp1251.map
2012.02.03 16:30 B C:\wamp\www\TPT\master_data\Classes\PHPExcel\Shared\PDF\fonts\utils\enc\cp1252.map --> tptdesign.com /master_data/Classes/PHPExcel/Shared/PDF/fonts/utils/enc cp1252.map
2012.02.03 16:30 B C:\wamp\www\TPT\master_data\Classes\PHPExcel\Shared\PDF\fonts\utils\enc\cp1253.map --> tptdesign.com /master_data/Classes/PHPExcel/Shared/PDF/fonts/utils/enc cp1253.map
2012.02.03 16:30 B C:\wamp\www\TPT\master_data\Classes\PHPExcel\Shared\PDF\fonts\utils\enc\cp1254.map --> tptdesign.com /master_data/Classes/PHPExcel/Shared/PDF/fonts/utils/enc cp1254.map
2012.02.03 16:30 B C:\wamp\www\TPT\master_data\Classes\PHPExcel\Shared\PDF\fonts\utils\enc\cp1255.map --> tptdesign.com /master_data/Classes/PHPExcel/Shared/PDF/fonts/utils/enc cp1255.map
2012.02.03 16:30 B C:\wamp\www\TPT\master_data\Classes\PHPExcel\Shared\PDF\fonts\utils\enc\cp1257.map --> tptdesign.com /master_data/Classes/PHPExcel/Shared/PDF/fonts/utils/enc cp1257.map
2012.02.03 16:31 B C:\wamp\www\TPT\master_data\Classes\PHPExcel\Shared\PDF\fonts\utils\enc\cp1258.map --> tptdesign.com /master_data/Classes/PHPExcel/Shared/PDF/fonts/utils/enc cp1258.map
2012.02.03 16:31 B C:\wamp\www\TPT\master_data\Classes\PHPExcel\Shared\PDF\fonts\utils\enc\cp874.map --> tptdesign.com /master_data/Classes/PHPExcel/Shared/PDF/fonts/utils/enc cp874.map
2012.02.03 16:31 B C:\wamp\www\TPT\master_data\Classes\PHPExcel\Shared\PDF\fonts\utils\enc\iso-8859-1.map --> tptdesign.com /master_data/Classes/PHPExcel/Shared/PDF/fonts/utils/enc iso-8859-1.map
2012.02.03 16:31 B C:\wamp\www\TPT\master_data\Classes\PHPExcel\Shared\PDF\fonts\utils\enc\iso-8859-11.map --> tptdesign.com /master_data/Classes/PHPExcel/Shared/PDF/fonts/utils/enc iso-8859-11.map
2012.02.03 16:31 B C:\wamp\www\TPT\master_data\Classes\PHPExcel\Shared\PDF\fonts\utils\enc\iso-8859-15.map --> tptdesign.com /master_data/Classes/PHPExcel/Shared/PDF/fonts/utils/enc iso-8859-15.map
2012.02.03 16:31 B C:\wamp\www\TPT\master_data\Classes\PHPExcel\Shared\PDF\fonts\utils\enc\iso-8859-16.map --> tptdesign.com /master_data/Classes/PHPExcel/Shared/PDF/fonts/utils/enc iso-8859-16.map
2012.02.03 16:31 B C:\wamp\www\TPT\master_data\Classes\PHPExcel\Shared\PDF\fonts\utils\enc\iso-8859-2.map --> tptdesign.com /master_data/Classes/PHPExcel/Shared/PDF/fonts/utils/enc iso-8859-2.map
2012.02.03 16:31 B C:\wamp\www\TPT\master_data\Classes\PHPExcel\Shared\PDF\fonts\utils\enc\iso-8859-4.map --> tptdesign.com /master_data/Classes/PHPExcel/Shared/PDF/fonts/utils/enc iso-8859-4.map
2012.02.03 16:31 B C:\wamp\www\TPT\master_data\Classes\PHPExcel\Shared\PDF\fonts\utils\enc\iso-8859-5.map --> tptdesign.com /master_data/Classes/PHPExcel/Shared/PDF/fonts/utils/enc iso-8859-5.map
2012.02.03 16:31 B C:\wamp\www\TPT\master_data\Classes\PHPExcel\Shared\PDF\fonts\utils\enc\iso-8859-7.map --> tptdesign.com /master_data/Classes/PHPExcel/Shared/PDF/fonts/utils/enc iso-8859-7.map
2012.02.03 16:31 B C:\wamp\www\TPT\master_data\Classes\PHPExcel\Shared\PDF\fonts\utils\enc\iso-8859-9.map --> tptdesign.com /master_data/Classes/PHPExcel/Shared/PDF/fonts/utils/enc iso-8859-9.map
2012.02.03 16:31 B C:\wamp\www\TPT\master_data\Classes\PHPExcel\Shared\PDF\fonts\utils\enc\koi8-r.map --> tptdesign.com /master_data/Classes/PHPExcel/Shared/PDF/fonts/utils/enc koi8-r.map
2012.02.03 16:31 B C:\wamp\www\TPT\master_data\Classes\PHPExcel\Shared\PDF\fonts\utils\enc\koi8-u.map --> tptdesign.com /master_data/Classes/PHPExcel/Shared/PDF/fonts/utils/enc koi8-u.map
2012.02.03 16:31 B C:\wamp\www\TPT\master_data\Classes\PHPExcel\Shared\PDF\fonts\utils\enc\WS_FTP.LOG --> tptdesign.com /master_data/Classes/PHPExcel/Shared/PDF/fonts/utils/enc WS_FTP.LOG
2012.02.03 16:42 B C:\wamp\www\TPT\master_data\Classes\PHPExcel\Shared\PDF\fonts\utils\enc\WS_FTP.LOG --> tptdesign.com /master_data/Classes/PHPExcel/Shared/PDF/fonts/utils/enc WS_FTP.LOG
2012.04.14 11:42 B C:\wamp\www\TPT\master_data\Classes\PHPExcel\Shared\PDF\fonts\utils\enc\WS_FTP.LOG <-- TPTDESIGN /master_data/Classes/PHPExcel/Shared/PDF/fonts/utils/enc WS_FTP.LOG
