2012.02.03 16:11 B C:\wamp\www\TPT\master_data\Classes\PHPExcel\Shared\PDF\fonts\.noencode --> tptdesign.com /master_data/Classes/PHPExcel/Shared/PDF/fonts .noencode
2012.02.03 16:11 B C:\wamp\www\TPT\master_data\Classes\PHPExcel\Shared\PDF\fonts\almohanad.ctg.z --> tptdesign.com /master_data/Classes/PHPExcel/Shared/PDF/fonts almohanad.ctg.z
2012.02.03 16:11 B C:\wamp\www\TPT\master_data\Classes\PHPExcel\Shared\PDF\fonts\almohanad.php --> tptdesign.com /master_data/Classes/PHPExcel/Shared/PDF/fonts almohanad.php
2012.02.03 16:11 B C:\wamp\www\TPT\master_data\Classes\PHPExcel\Shared\PDF\fonts\almohanad.z --> tptdesign.com /master_data/Classes/PHPExcel/Shared/PDF/fonts almohanad.z
2012.02.03 16:11 B C:\wamp\www\TPT\master_data\Classes\PHPExcel\Shared\PDF\fonts\arialunicid0-chinese-simplified.php --> tptdesign.com /master_data/Classes/PHPExcel/Shared/PDF/fonts arialunicid0-chinese-simplified.php
2012.02.03 16:12 B C:\wamp\www\TPT\master_data\Classes\PHPExcel\Shared\PDF\fonts\arialunicid0-chinese-traditional.php --> tptdesign.com /master_data/Classes/PHPExcel/Shared/PDF/fonts arialunicid0-chinese-traditional.php
2012.02.03 16:12 B C:\wamp\www\TPT\master_data\Classes\PHPExcel\Shared\PDF\fonts\arialunicid0-japanese.php --> tptdesign.com /master_data/Classes/PHPExcel/Shared/PDF/fonts arialunicid0-japanese.php
2012.02.03 16:13 B C:\wamp\www\TPT\master_data\Classes\PHPExcel\Shared\PDF\fonts\arialunicid0-korean.php --> tptdesign.com /master_data/Classes/PHPExcel/Shared/PDF/fonts arialunicid0-korean.php
2012.02.03 16:13 B C:\wamp\www\TPT\master_data\Classes\PHPExcel\Shared\PDF\fonts\arialunicid0.php --> tptdesign.com /master_data/Classes/PHPExcel/Shared/PDF/fonts arialunicid0.php
2012.02.03 16:13 B C:\wamp\www\TPT\master_data\Classes\PHPExcel\Shared\PDF\fonts\chinese.php --> tptdesign.com /master_data/Classes/PHPExcel/Shared/PDF/fonts chinese.php
2012.02.03 16:13 B C:\wamp\www\TPT\master_data\Classes\PHPExcel\Shared\PDF\fonts\courier.php --> tptdesign.com /master_data/Classes/PHPExcel/Shared/PDF/fonts courier.php
2012.02.03 16:13 B C:\wamp\www\TPT\master_data\Classes\PHPExcel\Shared\PDF\fonts\dejavusans.ctg.z --> tptdesign.com /master_data/Classes/PHPExcel/Shared/PDF/fonts dejavusans.ctg.z
2012.02.03 16:13 B C:\wamp\www\TPT\master_data\Classes\PHPExcel\Shared\PDF\fonts\dejavusans.php --> tptdesign.com /master_data/Classes/PHPExcel/Shared/PDF/fonts dejavusans.php
2012.02.03 16:14 B C:\wamp\www\TPT\master_data\Classes\PHPExcel\Shared\PDF\fonts\dejavusans.z --> tptdesign.com /master_data/Classes/PHPExcel/Shared/PDF/fonts dejavusans.z
2012.02.03 16:14 B C:\wamp\www\TPT\master_data\Classes\PHPExcel\Shared\PDF\fonts\dejavusansb.ctg.z --> tptdesign.com /master_data/Classes/PHPExcel/Shared/PDF/fonts dejavusansb.ctg.z
2012.02.03 16:14 B C:\wamp\www\TPT\master_data\Classes\PHPExcel\Shared\PDF\fonts\dejavusansb.php --> tptdesign.com /master_data/Classes/PHPExcel/Shared/PDF/fonts dejavusansb.php
2012.02.03 16:14 B C:\wamp\www\TPT\master_data\Classes\PHPExcel\Shared\PDF\fonts\dejavusansb.z --> tptdesign.com /master_data/Classes/PHPExcel/Shared/PDF/fonts dejavusansb.z
2012.02.03 16:14 B C:\wamp\www\TPT\master_data\Classes\PHPExcel\Shared\PDF\fonts\dejavusansbi.ctg.z --> tptdesign.com /master_data/Classes/PHPExcel/Shared/PDF/fonts dejavusansbi.ctg.z
2012.02.03 16:14 B C:\wamp\www\TPT\master_data\Classes\PHPExcel\Shared\PDF\fonts\dejavusansbi.php --> tptdesign.com /master_data/Classes/PHPExcel/Shared/PDF/fonts dejavusansbi.php
2012.02.03 16:14 B C:\wamp\www\TPT\master_data\Classes\PHPExcel\Shared\PDF\fonts\dejavusansbi.z --> tptdesign.com /master_data/Classes/PHPExcel/Shared/PDF/fonts dejavusansbi.z
2012.02.03 16:15 B C:\wamp\www\TPT\master_data\Classes\PHPExcel\Shared\PDF\fonts\dejavusanscondensed.ctg.z --> tptdesign.com /master_data/Classes/PHPExcel/Shared/PDF/fonts dejavusanscondensed.ctg.z
2012.02.03 16:15 B C:\wamp\www\TPT\master_data\Classes\PHPExcel\Shared\PDF\fonts\dejavusanscondensed.php --> tptdesign.com /master_data/Classes/PHPExcel/Shared/PDF/fonts dejavusanscondensed.php
2012.02.03 16:15 B C:\wamp\www\TPT\master_data\Classes\PHPExcel\Shared\PDF\fonts\dejavusanscondensed.z --> tptdesign.com /master_data/Classes/PHPExcel/Shared/PDF/fonts dejavusanscondensed.z
2012.02.03 16:15 B C:\wamp\www\TPT\master_data\Classes\PHPExcel\Shared\PDF\fonts\dejavusanscondensedb.ctg.z --> tptdesign.com /master_data/Classes/PHPExcel/Shared/PDF/fonts dejavusanscondensedb.ctg.z
2012.02.03 16:15 B C:\wamp\www\TPT\master_data\Classes\PHPExcel\Shared\PDF\fonts\dejavusanscondensedb.php --> tptdesign.com /master_data/Classes/PHPExcel/Shared/PDF/fonts dejavusanscondensedb.php
2012.02.03 16:15 B C:\wamp\www\TPT\master_data\Classes\PHPExcel\Shared\PDF\fonts\dejavusanscondensedb.z --> tptdesign.com /master_data/Classes/PHPExcel/Shared/PDF/fonts dejavusanscondensedb.z
2012.02.03 16:15 B C:\wamp\www\TPT\master_data\Classes\PHPExcel\Shared\PDF\fonts\dejavusanscondensedbi.ctg.z --> tptdesign.com /master_data/Classes/PHPExcel/Shared/PDF/fonts dejavusanscondensedbi.ctg.z
2012.02.03 16:15 B C:\wamp\www\TPT\master_data\Classes\PHPExcel\Shared\PDF\fonts\dejavusanscondensedbi.php --> tptdesign.com /master_data/Classes/PHPExcel/Shared/PDF/fonts dejavusanscondensedbi.php
2012.02.03 16:16 B C:\wamp\www\TPT\master_data\Classes\PHPExcel\Shared\PDF\fonts\dejavusanscondensedbi.z --> tptdesign.com /master_data/Classes/PHPExcel/Shared/PDF/fonts dejavusanscondensedbi.z
2012.02.03 16:16 B C:\wamp\www\TPT\master_data\Classes\PHPExcel\Shared\PDF\fonts\dejavusanscondensedi.ctg.z --> tptdesign.com /master_data/Classes/PHPExcel/Shared/PDF/fonts dejavusanscondensedi.ctg.z
2012.02.03 16:16 B C:\wamp\www\TPT\master_data\Classes\PHPExcel\Shared\PDF\fonts\dejavusanscondensedi.php --> tptdesign.com /master_data/Classes/PHPExcel/Shared/PDF/fonts dejavusanscondensedi.php
2012.02.03 16:16 B C:\wamp\www\TPT\master_data\Classes\PHPExcel\Shared\PDF\fonts\dejavusanscondensedi.z --> tptdesign.com /master_data/Classes/PHPExcel/Shared/PDF/fonts dejavusanscondensedi.z
2012.02.03 16:16 B C:\wamp\www\TPT\master_data\Classes\PHPExcel\Shared\PDF\fonts\dejavusansi.ctg.z --> tptdesign.com /master_data/Classes/PHPExcel/Shared/PDF/fonts dejavusansi.ctg.z
2012.02.03 16:16 B C:\wamp\www\TPT\master_data\Classes\PHPExcel\Shared\PDF\fonts\dejavusansi.php --> tptdesign.com /master_data/Classes/PHPExcel/Shared/PDF/fonts dejavusansi.php
2012.02.03 16:17 B C:\wamp\www\TPT\master_data\Classes\PHPExcel\Shared\PDF\fonts\dejavusansi.z --> tptdesign.com /master_data/Classes/PHPExcel/Shared/PDF/fonts dejavusansi.z
2012.02.03 16:17 B C:\wamp\www\TPT\master_data\Classes\PHPExcel\Shared\PDF\fonts\dejavusansmono.ctg.z --> tptdesign.com /master_data/Classes/PHPExcel/Shared/PDF/fonts dejavusansmono.ctg.z
2012.02.03 16:17 B C:\wamp\www\TPT\master_data\Classes\PHPExcel\Shared\PDF\fonts\dejavusansmono.php --> tptdesign.com /master_data/Classes/PHPExcel/Shared/PDF/fonts dejavusansmono.php
2012.02.03 16:17 B C:\wamp\www\TPT\master_data\Classes\PHPExcel\Shared\PDF\fonts\dejavusansmono.z --> tptdesign.com /master_data/Classes/PHPExcel/Shared/PDF/fonts dejavusansmono.z
2012.02.03 16:17 B C:\wamp\www\TPT\master_data\Classes\PHPExcel\Shared\PDF\fonts\dejavusansmonob.ctg.z --> tptdesign.com /master_data/Classes/PHPExcel/Shared/PDF/fonts dejavusansmonob.ctg.z
2012.02.03 16:17 B C:\wamp\www\TPT\master_data\Classes\PHPExcel\Shared\PDF\fonts\dejavusansmonob.php --> tptdesign.com /master_data/Classes/PHPExcel/Shared/PDF/fonts dejavusansmonob.php
2012.02.03 16:17 B C:\wamp\www\TPT\master_data\Classes\PHPExcel\Shared\PDF\fonts\dejavusansmonob.z --> tptdesign.com /master_data/Classes/PHPExcel/Shared/PDF/fonts dejavusansmonob.z
2012.02.03 16:17 B C:\wamp\www\TPT\master_data\Classes\PHPExcel\Shared\PDF\fonts\dejavusansmonobi.ctg.z --> tptdesign.com /master_data/Classes/PHPExcel/Shared/PDF/fonts dejavusansmonobi.ctg.z
2012.02.03 16:17 B C:\wamp\www\TPT\master_data\Classes\PHPExcel\Shared\PDF\fonts\dejavusansmonobi.php --> tptdesign.com /master_data/Classes/PHPExcel/Shared/PDF/fonts dejavusansmonobi.php
2012.02.03 16:18 B C:\wamp\www\TPT\master_data\Classes\PHPExcel\Shared\PDF\fonts\dejavusansmonobi.z --> tptdesign.com /master_data/Classes/PHPExcel/Shared/PDF/fonts dejavusansmonobi.z
2012.02.03 16:18 B C:\wamp\www\TPT\master_data\Classes\PHPExcel\Shared\PDF\fonts\dejavusansmonoi.ctg.z --> tptdesign.com /master_data/Classes/PHPExcel/Shared/PDF/fonts dejavusansmonoi.ctg.z
2012.02.03 16:18 B C:\wamp\www\TPT\master_data\Classes\PHPExcel\Shared\PDF\fonts\dejavusansmonoi.php --> tptdesign.com /master_data/Classes/PHPExcel/Shared/PDF/fonts dejavusansmonoi.php
2012.02.03 16:18 B C:\wamp\www\TPT\master_data\Classes\PHPExcel\Shared\PDF\fonts\dejavusansmonoi.z --> tptdesign.com /master_data/Classes/PHPExcel/Shared/PDF/fonts dejavusansmonoi.z
2012.02.03 16:18 B C:\wamp\www\TPT\master_data\Classes\PHPExcel\Shared\PDF\fonts\dejavuserif.ctg.z --> tptdesign.com /master_data/Classes/PHPExcel/Shared/PDF/fonts dejavuserif.ctg.z
2012.02.03 16:18 B C:\wamp\www\TPT\master_data\Classes\PHPExcel\Shared\PDF\fonts\dejavuserif.php --> tptdesign.com /master_data/Classes/PHPExcel/Shared/PDF/fonts dejavuserif.php
2012.02.03 16:18 B C:\wamp\www\TPT\master_data\Classes\PHPExcel\Shared\PDF\fonts\dejavuserif.z --> tptdesign.com /master_data/Classes/PHPExcel/Shared/PDF/fonts dejavuserif.z
2012.02.03 16:18 B C:\wamp\www\TPT\master_data\Classes\PHPExcel\Shared\PDF\fonts\dejavuserifb.ctg.z --> tptdesign.com /master_data/Classes/PHPExcel/Shared/PDF/fonts dejavuserifb.ctg.z
2012.02.03 16:18 B C:\wamp\www\TPT\master_data\Classes\PHPExcel\Shared\PDF\fonts\dejavuserifb.php --> tptdesign.com /master_data/Classes/PHPExcel/Shared/PDF/fonts dejavuserifb.php
2012.02.03 16:18 B C:\wamp\www\TPT\master_data\Classes\PHPExcel\Shared\PDF\fonts\dejavuserifb.z --> tptdesign.com /master_data/Classes/PHPExcel/Shared/PDF/fonts dejavuserifb.z
2012.02.03 16:18 B C:\wamp\www\TPT\master_data\Classes\PHPExcel\Shared\PDF\fonts\dejavuserifbi.ctg.z --> tptdesign.com /master_data/Classes/PHPExcel/Shared/PDF/fonts dejavuserifbi.ctg.z
2012.02.03 16:18 B C:\wamp\www\TPT\master_data\Classes\PHPExcel\Shared\PDF\fonts\dejavuserifbi.php --> tptdesign.com /master_data/Classes/PHPExcel/Shared/PDF/fonts dejavuserifbi.php
2012.02.03 16:19 B C:\wamp\www\TPT\master_data\Classes\PHPExcel\Shared\PDF\fonts\dejavuserifbi.z --> tptdesign.com /master_data/Classes/PHPExcel/Shared/PDF/fonts dejavuserifbi.z
2012.02.03 16:19 B C:\wamp\www\TPT\master_data\Classes\PHPExcel\Shared\PDF\fonts\dejavuserifcondensed.ctg.z --> tptdesign.com /master_data/Classes/PHPExcel/Shared/PDF/fonts dejavuserifcondensed.ctg.z
2012.02.03 16:19 B C:\wamp\www\TPT\master_data\Classes\PHPExcel\Shared\PDF\fonts\dejavuserifcondensed.php --> tptdesign.com /master_data/Classes/PHPExcel/Shared/PDF/fonts dejavuserifcondensed.php
2012.02.03 16:19 B C:\wamp\www\TPT\master_data\Classes\PHPExcel\Shared\PDF\fonts\dejavuserifcondensed.z --> tptdesign.com /master_data/Classes/PHPExcel/Shared/PDF/fonts dejavuserifcondensed.z
2012.02.03 16:19 B C:\wamp\www\TPT\master_data\Classes\PHPExcel\Shared\PDF\fonts\dejavuserifcondensedb.ctg.z --> tptdesign.com /master_data/Classes/PHPExcel/Shared/PDF/fonts dejavuserifcondensedb.ctg.z
2012.02.03 16:19 B C:\wamp\www\TPT\master_data\Classes\PHPExcel\Shared\PDF\fonts\dejavuserifcondensedb.php --> tptdesign.com /master_data/Classes/PHPExcel/Shared/PDF/fonts dejavuserifcondensedb.php
2012.02.03 16:19 B C:\wamp\www\TPT\master_data\Classes\PHPExcel\Shared\PDF\fonts\dejavuserifcondensedb.z --> tptdesign.com /master_data/Classes/PHPExcel/Shared/PDF/fonts dejavuserifcondensedb.z
2012.02.03 16:19 B C:\wamp\www\TPT\master_data\Classes\PHPExcel\Shared\PDF\fonts\dejavuserifcondensedbi.ctg.z --> tptdesign.com /master_data/Classes/PHPExcel/Shared/PDF/fonts dejavuserifcondensedbi.ctg.z
2012.02.03 16:19 B C:\wamp\www\TPT\master_data\Classes\PHPExcel\Shared\PDF\fonts\dejavuserifcondensedbi.php --> tptdesign.com /master_data/Classes/PHPExcel/Shared/PDF/fonts dejavuserifcondensedbi.php
2012.02.03 16:19 B C:\wamp\www\TPT\master_data\Classes\PHPExcel\Shared\PDF\fonts\dejavuserifcondensedbi.z --> tptdesign.com /master_data/Classes/PHPExcel/Shared/PDF/fonts dejavuserifcondensedbi.z
2012.02.03 16:19 B C:\wamp\www\TPT\master_data\Classes\PHPExcel\Shared\PDF\fonts\dejavuserifcondensedi.ctg.z --> tptdesign.com /master_data/Classes/PHPExcel/Shared/PDF/fonts dejavuserifcondensedi.ctg.z
2012.02.03 16:19 B C:\wamp\www\TPT\master_data\Classes\PHPExcel\Shared\PDF\fonts\dejavuserifcondensedi.php --> tptdesign.com /master_data/Classes/PHPExcel/Shared/PDF/fonts dejavuserifcondensedi.php
2012.02.03 16:20 B C:\wamp\www\TPT\master_data\Classes\PHPExcel\Shared\PDF\fonts\dejavuserifcondensedi.z --> tptdesign.com /master_data/Classes/PHPExcel/Shared/PDF/fonts dejavuserifcondensedi.z
2012.02.03 16:20 B C:\wamp\www\TPT\master_data\Classes\PHPExcel\Shared\PDF\fonts\dejavuserifi.ctg.z --> tptdesign.com /master_data/Classes/PHPExcel/Shared/PDF/fonts dejavuserifi.ctg.z
2012.02.03 16:20 B C:\wamp\www\TPT\master_data\Classes\PHPExcel\Shared\PDF\fonts\dejavuserifi.php --> tptdesign.com /master_data/Classes/PHPExcel/Shared/PDF/fonts dejavuserifi.php
2012.02.03 16:20 B C:\wamp\www\TPT\master_data\Classes\PHPExcel\Shared\PDF\fonts\dejavuserifi.z --> tptdesign.com /master_data/Classes/PHPExcel/Shared/PDF/fonts dejavuserifi.z
2012.02.03 16:20 B C:\wamp\www\TPT\master_data\Classes\PHPExcel\Shared\PDF\fonts\freemono.ctg.z --> tptdesign.com /master_data/Classes/PHPExcel/Shared/PDF/fonts freemono.ctg.z
2012.02.03 16:20 B C:\wamp\www\TPT\master_data\Classes\PHPExcel\Shared\PDF\fonts\freemono.php --> tptdesign.com /master_data/Classes/PHPExcel/Shared/PDF/fonts freemono.php
2012.02.03 16:20 B C:\wamp\www\TPT\master_data\Classes\PHPExcel\Shared\PDF\fonts\freemono.z --> tptdesign.com /master_data/Classes/PHPExcel/Shared/PDF/fonts freemono.z
2012.02.03 16:20 B C:\wamp\www\TPT\master_data\Classes\PHPExcel\Shared\PDF\fonts\freemonob.ctg.z --> tptdesign.com /master_data/Classes/PHPExcel/Shared/PDF/fonts freemonob.ctg.z
2012.02.03 16:20 B C:\wamp\www\TPT\master_data\Classes\PHPExcel\Shared\PDF\fonts\freemonob.php --> tptdesign.com /master_data/Classes/PHPExcel/Shared/PDF/fonts freemonob.php
2012.02.03 16:20 B C:\wamp\www\TPT\master_data\Classes\PHPExcel\Shared\PDF\fonts\freemonob.z --> tptdesign.com /master_data/Classes/PHPExcel/Shared/PDF/fonts freemonob.z
2012.02.03 16:20 B C:\wamp\www\TPT\master_data\Classes\PHPExcel\Shared\PDF\fonts\freemonobi.ctg.z --> tptdesign.com /master_data/Classes/PHPExcel/Shared/PDF/fonts freemonobi.ctg.z
2012.02.03 16:21 B C:\wamp\www\TPT\master_data\Classes\PHPExcel\Shared\PDF\fonts\freemonobi.php --> tptdesign.com /master_data/Classes/PHPExcel/Shared/PDF/fonts freemonobi.php
2012.02.03 16:21 B C:\wamp\www\TPT\master_data\Classes\PHPExcel\Shared\PDF\fonts\freemonobi.z --> tptdesign.com /master_data/Classes/PHPExcel/Shared/PDF/fonts freemonobi.z
2012.02.03 16:21 B C:\wamp\www\TPT\master_data\Classes\PHPExcel\Shared\PDF\fonts\freemonoi.ctg.z --> tptdesign.com /master_data/Classes/PHPExcel/Shared/PDF/fonts freemonoi.ctg.z
2012.02.03 16:21 B C:\wamp\www\TPT\master_data\Classes\PHPExcel\Shared\PDF\fonts\freemonoi.php --> tptdesign.com /master_data/Classes/PHPExcel/Shared/PDF/fonts freemonoi.php
2012.02.03 16:21 B C:\wamp\www\TPT\master_data\Classes\PHPExcel\Shared\PDF\fonts\freemonoi.z --> tptdesign.com /master_data/Classes/PHPExcel/Shared/PDF/fonts freemonoi.z
2012.02.03 16:21 B C:\wamp\www\TPT\master_data\Classes\PHPExcel\Shared\PDF\fonts\freesans.ctg.z --> tptdesign.com /master_data/Classes/PHPExcel/Shared/PDF/fonts freesans.ctg.z
2012.02.03 16:21 B C:\wamp\www\TPT\master_data\Classes\PHPExcel\Shared\PDF\fonts\freesans.php --> tptdesign.com /master_data/Classes/PHPExcel/Shared/PDF/fonts freesans.php
2012.02.03 16:21 B C:\wamp\www\TPT\master_data\Classes\PHPExcel\Shared\PDF\fonts\freesans.z --> tptdesign.com /master_data/Classes/PHPExcel/Shared/PDF/fonts freesans.z
2012.02.03 16:21 B C:\wamp\www\TPT\master_data\Classes\PHPExcel\Shared\PDF\fonts\freesansb.ctg.z --> tptdesign.com /master_data/Classes/PHPExcel/Shared/PDF/fonts freesansb.ctg.z
2012.02.03 16:21 B C:\wamp\www\TPT\master_data\Classes\PHPExcel\Shared\PDF\fonts\freesansb.php --> tptdesign.com /master_data/Classes/PHPExcel/Shared/PDF/fonts freesansb.php
2012.02.03 16:22 B C:\wamp\www\TPT\master_data\Classes\PHPExcel\Shared\PDF\fonts\freesansb.z --> tptdesign.com /master_data/Classes/PHPExcel/Shared/PDF/fonts freesansb.z
2012.02.03 16:22 B C:\wamp\www\TPT\master_data\Classes\PHPExcel\Shared\PDF\fonts\freesansbi.ctg.z --> tptdesign.com /master_data/Classes/PHPExcel/Shared/PDF/fonts freesansbi.ctg.z
2012.02.03 16:22 B C:\wamp\www\TPT\master_data\Classes\PHPExcel\Shared\PDF\fonts\freesansbi.php --> tptdesign.com /master_data/Classes/PHPExcel/Shared/PDF/fonts freesansbi.php
2012.02.03 16:22 B C:\wamp\www\TPT\master_data\Classes\PHPExcel\Shared\PDF\fonts\freesansbi.z --> tptdesign.com /master_data/Classes/PHPExcel/Shared/PDF/fonts freesansbi.z
2012.02.03 16:22 B C:\wamp\www\TPT\master_data\Classes\PHPExcel\Shared\PDF\fonts\freesansi.ctg.z --> tptdesign.com /master_data/Classes/PHPExcel/Shared/PDF/fonts freesansi.ctg.z
2012.02.03 16:22 B C:\wamp\www\TPT\master_data\Classes\PHPExcel\Shared\PDF\fonts\freesansi.php --> tptdesign.com /master_data/Classes/PHPExcel/Shared/PDF/fonts freesansi.php
2012.02.03 16:22 B C:\wamp\www\TPT\master_data\Classes\PHPExcel\Shared\PDF\fonts\freesansi.z --> tptdesign.com /master_data/Classes/PHPExcel/Shared/PDF/fonts freesansi.z
2012.02.03 16:22 B C:\wamp\www\TPT\master_data\Classes\PHPExcel\Shared\PDF\fonts\freeserif.ctg.z --> tptdesign.com /master_data/Classes/PHPExcel/Shared/PDF/fonts freeserif.ctg.z
2012.02.03 16:22 B C:\wamp\www\TPT\master_data\Classes\PHPExcel\Shared\PDF\fonts\freeserif.php --> tptdesign.com /master_data/Classes/PHPExcel/Shared/PDF/fonts freeserif.php
2012.02.03 16:23 B C:\wamp\www\TPT\master_data\Classes\PHPExcel\Shared\PDF\fonts\freeserif.z --> tptdesign.com /master_data/Classes/PHPExcel/Shared/PDF/fonts freeserif.z
2012.02.03 16:23 B C:\wamp\www\TPT\master_data\Classes\PHPExcel\Shared\PDF\fonts\freeserifb.ctg.z --> tptdesign.com /master_data/Classes/PHPExcel/Shared/PDF/fonts freeserifb.ctg.z
2012.02.03 16:23 B C:\wamp\www\TPT\master_data\Classes\PHPExcel\Shared\PDF\fonts\freeserifb.php --> tptdesign.com /master_data/Classes/PHPExcel/Shared/PDF/fonts freeserifb.php
2012.02.03 16:24 B C:\wamp\www\TPT\master_data\Classes\PHPExcel\Shared\PDF\fonts\freeserifb.z --> tptdesign.com /master_data/Classes/PHPExcel/Shared/PDF/fonts freeserifb.z
2012.02.03 16:24 B C:\wamp\www\TPT\master_data\Classes\PHPExcel\Shared\PDF\fonts\freeserifbi.ctg.z --> tptdesign.com /master_data/Classes/PHPExcel/Shared/PDF/fonts freeserifbi.ctg.z
2012.02.03 16:24 B C:\wamp\www\TPT\master_data\Classes\PHPExcel\Shared\PDF\fonts\freeserifbi.php --> tptdesign.com /master_data/Classes/PHPExcel/Shared/PDF/fonts freeserifbi.php
2012.02.03 16:24 B C:\wamp\www\TPT\master_data\Classes\PHPExcel\Shared\PDF\fonts\freeserifbi.z --> tptdesign.com /master_data/Classes/PHPExcel/Shared/PDF/fonts freeserifbi.z
2012.02.03 16:24 B C:\wamp\www\TPT\master_data\Classes\PHPExcel\Shared\PDF\fonts\freeserifi.ctg.z --> tptdesign.com /master_data/Classes/PHPExcel/Shared/PDF/fonts freeserifi.ctg.z
2012.02.03 16:24 B C:\wamp\www\TPT\master_data\Classes\PHPExcel\Shared\PDF\fonts\freeserifi.php --> tptdesign.com /master_data/Classes/PHPExcel/Shared/PDF/fonts freeserifi.php
2012.02.03 16:24 B C:\wamp\www\TPT\master_data\Classes\PHPExcel\Shared\PDF\fonts\freeserifi.z --> tptdesign.com /master_data/Classes/PHPExcel/Shared/PDF/fonts freeserifi.z
2012.02.03 16:25 B C:\wamp\www\TPT\master_data\Classes\PHPExcel\Shared\PDF\fonts\helvetica.php --> tptdesign.com /master_data/Classes/PHPExcel/Shared/PDF/fonts helvetica.php
2012.02.03 16:25 B C:\wamp\www\TPT\master_data\Classes\PHPExcel\Shared\PDF\fonts\helveticab.php --> tptdesign.com /master_data/Classes/PHPExcel/Shared/PDF/fonts helveticab.php
2012.02.03 16:25 B C:\wamp\www\TPT\master_data\Classes\PHPExcel\Shared\PDF\fonts\helveticabi.php --> tptdesign.com /master_data/Classes/PHPExcel/Shared/PDF/fonts helveticabi.php
2012.02.03 16:25 B C:\wamp\www\TPT\master_data\Classes\PHPExcel\Shared\PDF\fonts\helveticai.php --> tptdesign.com /master_data/Classes/PHPExcel/Shared/PDF/fonts helveticai.php
2012.02.03 16:25 B C:\wamp\www\TPT\master_data\Classes\PHPExcel\Shared\PDF\fonts\hysmyeongjostdmedium.php --> tptdesign.com /master_data/Classes/PHPExcel/Shared/PDF/fonts hysmyeongjostdmedium.php
2012.02.03 16:25 B C:\wamp\www\TPT\master_data\Classes\PHPExcel\Shared\PDF\fonts\kozgopromedium.php --> tptdesign.com /master_data/Classes/PHPExcel/Shared/PDF/fonts kozgopromedium.php
2012.02.03 16:25 B C:\wamp\www\TPT\master_data\Classes\PHPExcel\Shared\PDF\fonts\kozminproregular.php --> tptdesign.com /master_data/Classes/PHPExcel/Shared/PDF/fonts kozminproregular.php
2012.02.03 16:25 B C:\wamp\www\TPT\master_data\Classes\PHPExcel\Shared\PDF\fonts\msungstdlight.php --> tptdesign.com /master_data/Classes/PHPExcel/Shared/PDF/fonts msungstdlight.php
2012.02.03 16:25 B C:\wamp\www\TPT\master_data\Classes\PHPExcel\Shared\PDF\fonts\README.TXT --> tptdesign.com /master_data/Classes/PHPExcel/Shared/PDF/fonts README.TXT
2012.02.03 16:25 B C:\wamp\www\TPT\master_data\Classes\PHPExcel\Shared\PDF\fonts\stsongstdlight.php --> tptdesign.com /master_data/Classes/PHPExcel/Shared/PDF/fonts stsongstdlight.php
2012.02.03 16:25 B C:\wamp\www\TPT\master_data\Classes\PHPExcel\Shared\PDF\fonts\symbol.php --> tptdesign.com /master_data/Classes/PHPExcel/Shared/PDF/fonts symbol.php
2012.02.03 16:25 B C:\wamp\www\TPT\master_data\Classes\PHPExcel\Shared\PDF\fonts\times.php --> tptdesign.com /master_data/Classes/PHPExcel/Shared/PDF/fonts times.php
2012.02.03 16:25 B C:\wamp\www\TPT\master_data\Classes\PHPExcel\Shared\PDF\fonts\timesb.php --> tptdesign.com /master_data/Classes/PHPExcel/Shared/PDF/fonts timesb.php
2012.02.03 16:25 B C:\wamp\www\TPT\master_data\Classes\PHPExcel\Shared\PDF\fonts\timesbi.php --> tptdesign.com /master_data/Classes/PHPExcel/Shared/PDF/fonts timesbi.php
2012.02.03 16:25 B C:\wamp\www\TPT\master_data\Classes\PHPExcel\Shared\PDF\fonts\timesi.php --> tptdesign.com /master_data/Classes/PHPExcel/Shared/PDF/fonts timesi.php
2012.02.03 16:25 B C:\wamp\www\TPT\master_data\Classes\PHPExcel\Shared\PDF\fonts\uni2cid_ac15.php --> tptdesign.com /master_data/Classes/PHPExcel/Shared/PDF/fonts uni2cid_ac15.php
2012.02.03 16:26 B C:\wamp\www\TPT\master_data\Classes\PHPExcel\Shared\PDF\fonts\uni2cid_ag15.php --> tptdesign.com /master_data/Classes/PHPExcel/Shared/PDF/fonts uni2cid_ag15.php
2012.02.03 16:26 B C:\wamp\www\TPT\master_data\Classes\PHPExcel\Shared\PDF\fonts\uni2cid_aj16.php --> tptdesign.com /master_data/Classes/PHPExcel/Shared/PDF/fonts uni2cid_aj16.php
2012.02.03 16:26 B C:\wamp\www\TPT\master_data\Classes\PHPExcel\Shared\PDF\fonts\uni2cid_ak12.php --> tptdesign.com /master_data/Classes/PHPExcel/Shared/PDF/fonts uni2cid_ak12.php
2012.02.03 16:26 B C:\wamp\www\TPT\master_data\Classes\PHPExcel\Shared\PDF\fonts\zapfdingbats.php --> tptdesign.com /master_data/Classes/PHPExcel/Shared/PDF/fonts zapfdingbats.php
2012.02.03 16:26 B C:\wamp\www\TPT\master_data\Classes\PHPExcel\Shared\PDF\fonts\ZarBold.ctg.z --> tptdesign.com /master_data/Classes/PHPExcel/Shared/PDF/fonts ZarBold.ctg.z
2012.02.03 16:26 B C:\wamp\www\TPT\master_data\Classes\PHPExcel\Shared\PDF\fonts\zarbold.php --> tptdesign.com /master_data/Classes/PHPExcel/Shared/PDF/fonts zarbold.php
2012.02.03 16:26 B C:\wamp\www\TPT\master_data\Classes\PHPExcel\Shared\PDF\fonts\ZarBold.z --> tptdesign.com /master_data/Classes/PHPExcel/Shared/PDF/fonts ZarBold.z
2012.02.03 16:41 B C:\wamp\www\TPT\master_data\Classes\PHPExcel\Shared\PDF\fonts\WS_FTP.LOG --> tptdesign.com /master_data/Classes/PHPExcel/Shared/PDF/fonts WS_FTP.LOG
2012.04.14 11:48 B C:\wamp\www\TPT\master_data\Classes\PHPExcel\Shared\PDF\fonts\WS_FTP.LOG <-- TPTDESIGN /master_data/Classes/PHPExcel/Shared/PDF/fonts WS_FTP.LOG
2012.04.14 11:48 B C:\wamp\www\TPT\master_data\Classes\PHPExcel\Shared\PDF\fonts\zapfdingbats.php <-- TPTDESIGN /master_data/Classes/PHPExcel/Shared/PDF/fonts zapfdingbats.php
2012.04.14 11:48 B C:\wamp\www\TPT\master_data\Classes\PHPExcel\Shared\PDF\fonts\ZarBold.ctg.z <-- TPTDESIGN /master_data/Classes/PHPExcel/Shared/PDF/fonts ZarBold.ctg.z
2012.04.14 11:48 B C:\wamp\www\TPT\master_data\Classes\PHPExcel\Shared\PDF\fonts\zarbold.php <-- TPTDESIGN /master_data/Classes/PHPExcel/Shared/PDF/fonts zarbold.php
2012.04.14 11:48 B C:\wamp\www\TPT\master_data\Classes\PHPExcel\Shared\PDF\fonts\ZarBold.z <-- TPTDESIGN /master_data/Classes/PHPExcel/Shared/PDF/fonts ZarBold.z
